Arguments: 
  C:\Program Files\nodejs\node.exe C:\Users\lucas\AppData\Roaming\npm\node_modules\yarn\bin\yarn.js install

PATH: 
  C:\Program Files\Git\mingw64\bin;C:\Program Files\Git\usr\bin;C:\Users\lucas\bin;C:\Program Files (x86)\Common Files\Oracle\Java\javapath;C:\Python39\Scripts;C:\Python39;C:\Windows\system32;C:\Windows;C:\Windows\System32\Wbem;C:\Windows\System32\WindowsPowerShell\v1.0;C:\Windows\System32\OpenSSH;C:\Program Files\NVIDIA Corporation\NVIDIA NvDLISR;C:\Program Files (x86)\NVIDIA Corporation\PhysX\Common;C:\Program Files\nodejs;C:\ProgramData\chocolatey\bin;C:\Program Files\Git\cmd;C:\Program Files\dotnet;C:\ProgramData\chocolatey\lib\gsudo\bin;C:\ProgramData\chocolatey\lib\mpv.install\tools;C:\Users\lucas\Documents\vscode\Python\gtools_cli\script;C:\Users\lucas\AppData\Local\Yarn\bin;C:\Program Files (x86)\Certbot\bin;C:\ffmpeg;C:\Users\lucas\AppData\Local\Microsoft\WindowsApps;C:\Users\lucas\AppData\Local\Programs\Microsoft VS Code\bin;C:\Users\lucas\AppData\Roaming\npm;C:\Users\lucas\AppData\Local\Yarn\bin;C:\Users\lucas\spicetify-cli;C:\Users\lucas\AppData\Roaming\Microsoft\Windows\Start Menu\Programs\Hummingbot

Yarn version: 
  1.22.10

Node version: 
  14.16.0

Platform: 
  win32 x64

Trace: 
  Error: EBUSY: resource busy or locked, copyfile 'C:\Users\lucas\AppData\Local\Yarn\Cache\v6\npm-color-name-1.1.4-c2a09a87acbde69543de6f63fa3995c826c536a2-integrity\node_modules\color-name\LICENSE' -> 'C:\Users\lucas\Documents\VSCode\HTML, JS-TS, CSS\Svelte\routify\node_modules\chalk\node_modules\color-name\LICENSE'

npm manifest: 
  {
     "name": "svelte-app",
     "version": "1.0.0",
     "@comments scripts": {
        "dev": "develop with blazing fast rebuilds",
        "dev:features": "develop with features like SSR and serviceworker enabled",
        "build": "run build scripts below",
        "build:app": "build single page application (SPA)",
        "build:static": "Generate static pages",
        "serve": "serve content in 'dist' folder",
        "rollup": "run the rollup bundler",
        "nollup": "run the nollup no-bundler",
        "routify": "run routify"
     },
     "scripts": {
        "dev": "run-p routify nollup",
        "dev:ssr": "run-p routify rollup",
        "build": "run-s build:*",
        "build:app": "routify -b && rollup -c",
        "build:static": "spank",
        "serve": "spassr --ssr",
        "rollup": "rollup -cw",
        "nollup": "nollup -c",
        "routify": "routify",
        "validate": "svelte-check"
     },
     "devDependencies": {
        "@rollup/plugin-commonjs": "^15.0.0",
        "@rollup/plugin-node-resolve": "^10.0.0",
        "@roxi/routify": "^2.12.4",
        "cross-env": "^7.0.2",
        "fs-extra": "^9.0.1",
        "nollup": "^0.13.13",
        "npm-run-all": "^4.1.5",
        "postcss": "^8.1.4",
        "postcss-import": "^13.0.0",
        "rollup": "^2.33.1",
        "rollup-plugin-hot": "^0.1.1",
        "rollup-plugin-livereload": "^2.0.0",
        "rollup-plugin-svelte": "^6.1.0",
        "rollup-plugin-svelte-hot": "^0.11.1",
        "rollup-plugin-terser": "^7.0.2",
        "rollup-plugin-workbox": "^5.2.1",
        "spank": "^1.5.1",
        "spassr": "^2.2.0",
        "svelte": "^3.29.4",
        "svelte-preprocess": "^4.5.2",
        "tossr": "^1.3.1",
        "svelte-check": "^1.0.0",
        "@rollup/plugin-typescript": "^6.0.0",
        "typescript": "^3.9.3",
        "tslib": "^2.0.0",
        "@tsconfig/svelte": "^1.0.0"
     },
     "routify": {
        "extensions": "svelte,html,svx,md"
     },
     "spassr": {},
     "spank": {
        "blacklist": [
           "/example/modal/basic/4"
        ]
     }
  }

yarn manifest: 
  No manifest

Lockfile: 
  No lockfile
